2021-06-14 17:44:17,292 INFO o.h.v.i.u.Version [background-preinit] HV000001: Hibernate Validator 6.1.6.Final
2021-06-14 17:44:17,318 INFO o.s.b.StartupInfoLogger [restartedMain] Starting SyApplication on bagseon-yeong-ui-MacBookPro.local with PID 3102 (/Users/parksun-young/IdeaProjects/sy/build/classes/java/main started by parksun-young in /Users/parksun-young/IdeaProjects/sy)
2021-06-14 17:44:17,322 INFO o.s.b.SpringApplication [restartedMain] No active profile set, falling back to default profiles: default
2021-06-14 17:44:17,351 INFO o.s.b.l.DeferredLog [restartedMain] Devtools property defaults active! Set 'spring.devtools.add-properties' to 'false' to disable
2021-06-14 17:44:17,351 INFO o.s.b.l.DeferredLog [restartedMain] For additional web related logging consider setting the 'logging.level.web' property to 'DEBUG'
2021-06-14 17:44:17,945 INFO o.s.b.w.e.t.TomcatWebServer [restartedMain] Tomcat initialized with port(s): 8080 (http)
2021-06-14 17:44:17,950 INFO o.a.j.l.DirectJDKLog [restartedMain] Initializing ProtocolHandler ["http-nio-8080"]
2021-06-14 17:44:17,950 INFO o.a.j.l.DirectJDKLog [restartedMain] Starting service [Tomcat]
2021-06-14 17:44:17,951 INFO o.a.j.l.DirectJDKLog [restartedMain] Starting Servlet engine: [Apache Tomcat/9.0.39]
2021-06-14 17:44:17,990 INFO o.a.j.l.DirectJDKLog [restartedMain] Initializing Spring embedded WebApplicationContext
2021-06-14 17:44:17,990 INFO o.s.b.w.s.c.ServletWebServerApplicationContext [restartedMain] Root WebApplicationContext: initialization completed in 639 ms
2021-06-14 17:44:18,203 INFO o.s.s.c.ExecutorConfigurationSupport [restartedMain] Initializing ExecutorService 'applicationTaskExecutor'
2021-06-14 17:44:18,319 INFO o.q.i.StdSchedulerFactory [restartedMain] Using default implementation for ThreadExecutor
2021-06-14 17:44:18,325 INFO o.q.c.SchedulerSignalerImpl [restartedMain] Initialized Scheduler Signaller of type: class org.quartz.core.SchedulerSignalerImpl
2021-06-14 17:44:18,325 INFO o.q.c.QuartzScheduler [restartedMain] Quartz Scheduler v.2.3.2 created.
2021-06-14 17:44:18,326 INFO o.q.s.RAMJobStore [restartedMain] RAMJobStore initialized.
2021-06-14 17:44:18,326 INFO o.q.c.QuartzScheduler [restartedMain] Scheduler meta-data: Quartz Scheduler (v2.3.2) 'quartzScheduler' with instanceId 'NON_CLUSTERED'
  Scheduler class: 'org.quartz.core.QuartzScheduler' - running locally.
  NOT STARTED.
  Currently in standby mode.
  Number of jobs executed: 0
  Using thread pool 'org.quartz.simpl.SimpleThreadPool' - with 10 threads.
  Using job-store 'org.quartz.simpl.RAMJobStore' - which does not support persistence. and is not clustered.

2021-06-14 17:44:18,327 INFO o.q.i.StdSchedulerFactory [restartedMain] Quartz scheduler 'quartzScheduler' initialized from an externally provided properties instance.
2021-06-14 17:44:18,327 INFO o.q.i.StdSchedulerFactory [restartedMain] Quartz scheduler version: 2.3.2
2021-06-14 17:44:18,327 INFO o.q.c.QuartzScheduler [restartedMain] JobFactory set to: org.springframework.scheduling.quartz.SpringBeanJobFactory@5db73d5a
2021-06-14 17:44:18,332 INFO o.s.s.c.ExecutorConfigurationSupport [restartedMain] Initializing ExecutorService 'taskScheduler'
2021-06-14 17:44:18,349 INFO o.s.b.d.a.OptionalLiveReloadServer [restartedMain] LiveReload server is running on port 35729
2021-06-14 17:44:18,362 INFO o.a.j.l.DirectJDKLog [restartedMain] Starting ProtocolHandler ["http-nio-8080"]
2021-06-14 17:44:18,382 INFO o.s.b.w.e.t.TomcatWebServer [restartedMain] Tomcat started on port(s): 8080 (http) with context path ''
2021-06-14 17:44:18,383 INFO o.s.s.q.SchedulerFactoryBean [restartedMain] Starting Quartz Scheduler now
2021-06-14 17:44:18,383 INFO o.q.c.QuartzScheduler [restartedMain] Scheduler quartzScheduler_$_NON_CLUSTERED started.
2021-06-14 17:44:18,392 INFO o.s.b.StartupInfoLogger [restartedMain] Started SyApplication in 1.253 seconds (JVM running for 2.005)
